<?xml version="1.0" encoding="UTF-8"?>
<testng-results skipped="1" failed="0" total="1" passed="0">
  <reporter-output>
  </reporter-output>
  <suite name="Suite" duration-ms="47030" started-at="2017-12-04T12:09:54Z" finished-at="2017-12-04T12:10:41Z">
    <groups>
    </groups>
    <test name="Test" duration-ms="47030" started-at="2017-12-04T12:09:54Z" finished-at="2017-12-04T12:10:41Z">
      <class name="example.NewTest">
        <test-method status="FAIL" signature="beforeTest()[pri:0, instance:example.NewTest@29ee9faa]" name="beforeTest" is-config="true" duration-ms="0" started-at="2017-12-04T17:39:54Z" finished-at="2017-12-04T17:39:54Z">
          <exception class="org.openqa.selenium.WebDriverException">
            <message>
              <![CDATA[Failed to connect to binary FirefoxBinary(/usr/bin/firefox) on port 7055; process output follows: 
	DeferredSave.webext.sc.lz4	DEBUG	Save changes
1512389404299	DeferredSave.webext.sc.lz4	DEBUG	Save changes
1512389404300	DeferredSave.webext.sc.lz4	DEBUG	Save changes
1512389404301	DeferredSave.webext.sc.lz4	DEBUG	Save changes
1512389404302	DeferredSave.webext.sc.lz4	DEBUG	Save changes
1512389404303	DeferredSave.webext.sc.lz4	DEBUG	Save changes
1512389404304	DeferredSave.webext.sc.lz4	DEBUG	Save changes
1512389404304	DeferredSave.webext.sc.lz4	DEBUG	Save changes
1512389404305	DeferredSave.webext.sc.lz4	DEBUG	Save changes
1512389404306	DeferredSave.webext.sc.lz4	DEBUG	Save changes
1512389404308	DeferredSave.webext.sc.lz4	DEBUG	Save changes
1512389404309	DeferredSave.webext.sc.lz4	DEBUG	Save changes
1512389404310	DeferredSave.webext.sc.lz4	DEBUG	Save changes
1512389404311	DeferredSave.webext.sc.lz4	DEBUG	Save changes
1512389404312	DeferredSave.webext.sc.lz4	DEBUG	Save changes
1512389404313	DeferredSave.webext.sc.lz4	DEBUG	Save changes
1512389404315	DeferredSave.webext.sc.lz4	DEBUG	Save changes
1512389404316	DeferredSave.webext.sc.lz4	DEBUG	Save changes
1512389404317	DeferredSave.webext.sc.lz4	DEBUG	Save changes
1512389404322	DeferredSave.webext.sc.lz4	DEBUG	Save changes
1512389404329	DeferredSave.webext.sc.lz4	DEBUG	Save changes
1512389404366	DeferredSave.webext.sc.lz4	DEBUG	Save changes
1512389404370	DeferredSave.extensions.json	DEBUG	Write succeeded
Extension error: Data is not ready. resource://gre/modules/JSONFile.jsm:159 :: get data@resource://gre/modules/JSONFile.jsm:159:13
_get@resource://gre/modules/ExtensionPermissions.jsm:65:9
observe@resource://gre/modules/AsyncShutdown.jsm:534:9

console.error: 
  Message: Error: Data is not ready.
  Stack:
    get data@resource://gre/modules/JSONFile.jsm:159:13
_get@resource://gre/modules/ExtensionPermissions.jsm:65:9
observe@resource://gre/modules/AsyncShutdown.jsm:534:9

1512389404404	DeferredSave.addons.json	DEBUG	Write succeeded
1512389404412	DeferredSave.webext.sc.lz4	DEBUG	Write succeeded
1512389404412	DeferredSave.webext.sc.lz4	DEBUG	Starting timer
1512389409416	DeferredSave.webext.sc.lz4	DEBUG	Starting write
1512389409423	DeferredSave.webext.sc.lz4	DEBUG	Write succeeded
WARNING: At least one completion condition is taking too long to complete. Conditions: [{"name":"EnvironmentAddonBuilder","state":"(none)","filename":"resource://gre/modules/TelemetryEnvironment.jsm","lineNumber":502,"stack":["resource://gre/modules/TelemetryEnvironment.jsm:init:502","resource://gre/modules/TelemetryEnvironment.jsm:EnvironmentCache:864","resource://gre/modules/TelemetryEnvironment.jsm:getGlobal:63","resource://gre/modules/TelemetryEnvironment.jsm:get currentEnvironment:70","jar:file:///usr/lib/firefox/omni.ja!/components/TelemetryStartup.js:annotateEnvironment:42","jar:file:///usr/lib/firefox/omni.ja!/components/TelemetryStartup.js:TelemetryStartup.prototype.observe:32"]}] Barrier: AddonManager: Waiting for providers to shut down.
WARNING: At least one completion condition is taking too long to complete. Conditions: [{"name":"AddonManager: shutting down.","state":[{"name":"AddonManager: Waiting for providers to shut down.","state":[{"name":"EnvironmentAddonBuilder","state":"(none)","filename":"resource://gre/modules/TelemetryEnvironment.jsm","lineNumber":502,"stack":["resource://gre/modules/TelemetryEnvironment.jsm:init:502","resource://gre/modules/TelemetryEnvironment.jsm:EnvironmentCache:864","resource://gre/modules/TelemetryEnvironment.jsm:getGlobal:63","resource://gre/modules/TelemetryEnvironment.jsm:get currentEnvironment:70","jar:file:///usr/lib/firefox/omni.ja!/components/TelemetryStartup.js:annotateEnvironment:42","jar:file:///usr/lib/firefox/omni.ja!/components/TelemetryStartup.js:TelemetryStartup.prototype.observe:32"]}]},{"name":"AddonRepository: async shutdown","state":"pending"}],"filename":"resource://gre/modules/AddonManager.jsm","lineNumber":898,"stack":["resource://gre/modules/AddonManager.jsm:startup:898","resource://gre/modules/AddonManager.jsm:startup:3090","jar:file:///usr/lib/firefox/omni.ja!/components/addonManager.js:observe:65"]}] Barrier: profile-before-change

Build info: version: '2.45.0', revision: '5017cb8e7ca8e37638dc3091b2440b90a1d8686f', time: '2015-02-27 09:10:26'
System info: host: 'rle0468', ip: '127.0.1.1', os.name: 'Linux', os.arch: 'amd64', os.version: '4.4.0-98-generic', java.version: '1.8.0_151'
Driver info: driver.version: FirefoxDriver]]>
            </message>
            <full-stacktrace>
              <![CDATA[org.openqa.selenium.WebDriverException: Failed to connect to binary FirefoxBinary(/usr/bin/firefox) on port 7055; process output follows: 
	DeferredSave.webext.sc.lz4	DEBUG	Save changes
1512389404299	DeferredSave.webext.sc.lz4	DEBUG	Save changes
1512389404300	DeferredSave.webext.sc.lz4	DEBUG	Save changes
1512389404301	DeferredSave.webext.sc.lz4	DEBUG	Save changes
1512389404302	DeferredSave.webext.sc.lz4	DEBUG	Save changes
1512389404303	DeferredSave.webext.sc.lz4	DEBUG	Save changes
1512389404304	DeferredSave.webext.sc.lz4	DEBUG	Save changes
1512389404304	DeferredSave.webext.sc.lz4	DEBUG	Save changes
1512389404305	DeferredSave.webext.sc.lz4	DEBUG	Save changes
1512389404306	DeferredSave.webext.sc.lz4	DEBUG	Save changes
1512389404308	DeferredSave.webext.sc.lz4	DEBUG	Save changes
1512389404309	DeferredSave.webext.sc.lz4	DEBUG	Save changes
1512389404310	DeferredSave.webext.sc.lz4	DEBUG	Save changes
1512389404311	DeferredSave.webext.sc.lz4	DEBUG	Save changes
1512389404312	DeferredSave.webext.sc.lz4	DEBUG	Save changes
1512389404313	DeferredSave.webext.sc.lz4	DEBUG	Save changes
1512389404315	DeferredSave.webext.sc.lz4	DEBUG	Save changes
1512389404316	DeferredSave.webext.sc.lz4	DEBUG	Save changes
1512389404317	DeferredSave.webext.sc.lz4	DEBUG	Save changes
1512389404322	DeferredSave.webext.sc.lz4	DEBUG	Save changes
1512389404329	DeferredSave.webext.sc.lz4	DEBUG	Save changes
1512389404366	DeferredSave.webext.sc.lz4	DEBUG	Save changes
1512389404370	DeferredSave.extensions.json	DEBUG	Write succeeded
Extension error: Data is not ready. resource://gre/modules/JSONFile.jsm:159 :: get data@resource://gre/modules/JSONFile.jsm:159:13
_get@resource://gre/modules/ExtensionPermissions.jsm:65:9
observe@resource://gre/modules/AsyncShutdown.jsm:534:9

console.error: 
  Message: Error: Data is not ready.
  Stack:
    get data@resource://gre/modules/JSONFile.jsm:159:13
_get@resource://gre/modules/ExtensionPermissions.jsm:65:9
observe@resource://gre/modules/AsyncShutdown.jsm:534:9

1512389404404	DeferredSave.addons.json	DEBUG	Write succeeded
1512389404412	DeferredSave.webext.sc.lz4	DEBUG	Write succeeded
1512389404412	DeferredSave.webext.sc.lz4	DEBUG	Starting timer
1512389409416	DeferredSave.webext.sc.lz4	DEBUG	Starting write
1512389409423	DeferredSave.webext.sc.lz4	DEBUG	Write succeeded
WARNING: At least one completion condition is taking too long to complete. Conditions: [{"name":"EnvironmentAddonBuilder","state":"(none)","filename":"resource://gre/modules/TelemetryEnvironment.jsm","lineNumber":502,"stack":["resource://gre/modules/TelemetryEnvironment.jsm:init:502","resource://gre/modules/TelemetryEnvironment.jsm:EnvironmentCache:864","resource://gre/modules/TelemetryEnvironment.jsm:getGlobal:63","resource://gre/modules/TelemetryEnvironment.jsm:get currentEnvironment:70","jar:file:///usr/lib/firefox/omni.ja!/components/TelemetryStartup.js:annotateEnvironment:42","jar:file:///usr/lib/firefox/omni.ja!/components/TelemetryStartup.js:TelemetryStartup.prototype.observe:32"]}] Barrier: AddonManager: Waiting for providers to shut down.
WARNING: At least one completion condition is taking too long to complete. Conditions: [{"name":"AddonManager: shutting down.","state":[{"name":"AddonManager: Waiting for providers to shut down.","state":[{"name":"EnvironmentAddonBuilder","state":"(none)","filename":"resource://gre/modules/TelemetryEnvironment.jsm","lineNumber":502,"stack":["resource://gre/modules/TelemetryEnvironment.jsm:init:502","resource://gre/modules/TelemetryEnvironment.jsm:EnvironmentCache:864","resource://gre/modules/TelemetryEnvironment.jsm:getGlobal:63","resource://gre/modules/TelemetryEnvironment.jsm:get currentEnvironment:70","jar:file:///usr/lib/firefox/omni.ja!/components/TelemetryStartup.js:annotateEnvironment:42","jar:file:///usr/lib/firefox/omni.ja!/components/TelemetryStartup.js:TelemetryStartup.prototype.observe:32"]}]},{"name":"AddonRepository: async shutdown","state":"pending"}],"filename":"resource://gre/modules/AddonManager.jsm","lineNumber":898,"stack":["resource://gre/modules/AddonManager.jsm:startup:898","resource://gre/modules/AddonManager.jsm:startup:3090","jar:file:///usr/lib/firefox/omni.ja!/components/addonManager.js:observe:65"]}] Barrier: profile-before-change

Build info: version: '2.45.0', revision: '5017cb8e7ca8e37638dc3091b2440b90a1d8686f', time: '2015-02-27 09:10:26'
System info: host: 'rle0468', ip: '127.0.1.1', os.name: 'Linux', os.arch: 'amd64', os.version: '4.4.0-98-generic', java.version: '1.8.0_151'
Driver info: driver.version: FirefoxDriver
	at org.openqa.selenium.firefox.internal.NewProfileExtensionConnection.start(NewProfileExtensionConnection.java:134)
	at org.openqa.selenium.firefox.FirefoxDriver.startClient(FirefoxDriver.java:246)
	at org.openqa.selenium.remote.RemoteWebDriver.<init>(RemoteWebDriver.java:114)
	at org.openqa.selenium.firefox.FirefoxDriver.<init>(FirefoxDriver.java:191)
	at org.openqa.selenium.firefox.FirefoxDriver.<init>(FirefoxDriver.java:186)
	at org.openqa.selenium.firefox.FirefoxDriver.<init>(FirefoxDriver.java:182)
	at org.openqa.selenium.firefox.FirefoxDriver.<init>(FirefoxDriver.java:95)
	at example.NewTest.beforeTest(NewTest.java:47)
	at sun.reflect.NativeMethodAccessorImpl.invoke0(Native Method)
	at sun.reflect.NativeMethodAccessorImpl.invoke(NativeMethodAccessorImpl.java:62)
	at sun.reflect.DelegatingMethodAccessorImpl.invoke(DelegatingMethodAccessorImpl.java:43)
	at java.lang.reflect.Method.invoke(Method.java:498)
	at org.testng.internal.MethodInvocationHelper.invokeMethod(MethodInvocationHelper.java:80)
	at org.testng.internal.Invoker.invokeConfigurationMethod(Invoker.java:564)
	at org.testng.internal.Invoker.invokeConfigurations(Invoker.java:213)
	at org.testng.internal.Invoker.invokeConfigurations(Invoker.java:138)
	at org.testng.TestRunner.beforeRun(TestRunner.java:641)
	at org.testng.TestRunner.run(TestRunner.java:609)
	at org.testng.SuiteRunner.runTest(SuiteRunner.java:334)
	at org.testng.SuiteRunner.runSequentially(SuiteRunner.java:329)
	at org.testng.SuiteRunner.privateRun(SuiteRunner.java:291)
	at org.testng.SuiteRunner.run(SuiteRunner.java:240)
	at org.testng.SuiteRunnerWorker.runSuite(SuiteRunnerWorker.java:52)
	at org.testng.SuiteRunnerWorker.run(SuiteRunnerWorker.java:86)
	at org.testng.TestNG.runSuitesSequentially(TestNG.java:1198)
	at org.testng.TestNG.runSuitesLocally(TestNG.java:1123)
	at org.testng.TestNG.run(TestNG.java:1031)
	at org.testng.remote.AbstractRemoteTestNG.run(AbstractRemoteTestNG.java:114)
	at org.testng.remote.RemoteTestNG.initAndRun(RemoteTestNG.java:251)
	at org.testng.remote.RemoteTestNG.main(RemoteTestNG.java:77)
Caused by: org.openqa.selenium.WebDriverException: java.lang.InterruptedException: Process timed out after waiting for 45000 ms.
Build info: version: '2.45.0', revision: '5017cb8e7ca8e37638dc3091b2440b90a1d8686f', time: '2015-02-27 09:10:26'
System info: host: 'rle0468', ip: '127.0.1.1', os.name: 'Linux', os.arch: 'amd64', os.version: '4.4.0-98-generic', java.version: '1.8.0_151'
Driver info: driver.version: FirefoxDriver
	at org.openqa.selenium.os.CommandLine.waitFor(CommandLine.java:131)
	at org.openqa.selenium.firefox.FirefoxBinary.waitFor(FirefoxBinary.java:222)
	at org.openqa.selenium.firefox.FirefoxBinary.clean(FirefoxBinary.java:242)
	at org.openqa.selenium.firefox.internal.NewProfileExtensionConnection.start(NewProfileExtensionConnection.java:91)
	... 29 more
Caused by: java.lang.InterruptedException: Process timed out after waiting for 45000 ms.
	at org.openqa.selenium.os.UnixProcess.waitFor(UnixProcess.java:148)
	at org.openqa.selenium.os.CommandLine.waitFor(CommandLine.java:129)
	... 32 more
]]>
            </full-stacktrace>
          </exception> <!-- org.openqa.selenium.WebDriverException -->
          <reporter-output>
          </reporter-output>
        </test-method> <!-- beforeTest -->
        <test-method status="SKIP" signature="f()[pri:0, instance:example.NewTest@29ee9faa]" name="f" duration-ms="3" started-at="2017-12-04T17:40:41Z" finished-at="2017-12-04T17:40:41Z">
          <reporter-output>
          </reporter-output>
        </test-method> <!-- f -->
        <test-method status="SKIP" signature="afterTest()[pri:0, instance:example.NewTest@29ee9faa]" name="afterTest" is-config="true" duration-ms="0" started-at="2017-12-04T17:40:41Z" finished-at="2017-12-04T17:40:41Z">
          <reporter-output>
          </reporter-output>
        </test-method> <!-- afterTest -->
      </class> <!-- example.NewTest -->
    </test> <!-- Test -->
  </suite> <!-- Suite -->
</testng-results>
